wax (fetch failed)
ubiq (fetch failed)
zencash (fetch failed)
skycoin (fetch failed)
digitalnote (fetch failed)
theta-token (fetch failed)
nav-coin (fetch failed)
credits (fetch failed)
sophiatx (fetch failed)
high-performance-blockchain (fetch failed)
minexcoin (fetch failed)
cloakcoin (fetch failed)
bitbay (fetch failed)
poa-network (fetch failed)
airdao (fetch failed)
experience-points (fetch failed)
burst (fetch failed)
ion (fetch failed)
salus (fetch failed)
html-coin (fetch failed)
metaverse (fetch failed)
viacoin (fetch failed)
counterparty (fetch failed)
rise (fetch failed)
feathercoin (fetch failed)
aeon (fetch failed)
groestlcoin (fetch failed)
shift (fetch failed)
crown (fetch failed)
decent (fetch failed)
eccoin (fetch failed)
safe-exchange-coin (fetch failed)
sibcoin (fetch failed)
iocoin (fetch failed)
namecoin (fetch failed)
steem-dollars (fetch failed)
qlink (fetch failed)
potcoin (fetch failed)
blackcoin (fetch failed)
whitecoin (fetch failed)
bean-cash (fetch failed)
vericoin (fetch failed)
diamond (fetch failed)
zclassic (fetch failed)
internet-node-token (fetch failed)
lykke (fetch failed)
deeponion (fetch failed)
tao (fetch failed)
mintcoin (fetch failed)
expanse (fetch failed)
faircoin (fetch failed)
gridcoin (fetch failed)
leocoin (fetch failed)
dimecoin (fetch failed)
nolimitcoin (fetch failed)
monetaryunit (fetch failed)
pascal-coin (fetch failed)
hempcoin (fetch failed)
electra (fetch failed)
omni (fetch failed)
bitconnect (fetch failed)
peerplays-ppy (fetch failed)
alqo (fetch failed)
posw-coin (fetch failed)
primecoin (fetch failed)
bitsend (fetch failed)
phore (fetch failed)
okcash (fetch failed)
auroracoin (fetch failed)
shield-xsh (fetch failed)
rubycoin (fetch failed)
lomocoin (fetch failed)
earthcoin (fetch failed)
energycoin (fetch failed)
golos (fetch failed)
myriad (fetch failed)
musicoin (fetch failed)
spectrecoin (fetch failed)
espers (fetch failed)
syndicate (fetch failed)
neoscoin (fetch failed)
global-currency-reserve (fetch failed)
prizm (fetch failed)
neutron (fetch failed)
dynamic (fetch failed)
atbcoin (fetch failed)
luxcoin (fetch failed)
solaris (fetch failed)
curecoin (fetch failed)
dubaicoin-dbix (fetch failed)
internet-of-people (fetch failed)
boolberry (fetch failed)
pandacoin-pnd (fetch failed)
pinkcoin (fetch failed)
linda (fetch failed)
stealthcoin (fetch failed)
bitcoinz (fetch failed)
atmos (fetch failed)
korecoin (fetch failed)
gobyte (fetch failed)
heat-ledger (fetch failed)
chips (fetch failed)
sequence (fetch failed)
hyperstake (fetch failed)
travelflex (fetch failed)
vcash (fetch failed)
breakout-stake (fetch failed)
dopecoin (fetch failed)
vtorrent (fetch failed)
memetic (fetch failed)
synergy (fetch failed)
europecoin (fetch failed)
pesetacoin (fetch failed)
veriumreserve (fetch failed)
blockpool (fetch failed)
gcn-coin (fetch failed)
bitcoin-plus (fetch failed)
goldcoin (fetch failed)
kilocoin (fetch failed)
hush (fetch failed)
bitmark (fetch failed)
russiacoin (fetch failed)
uniform-fiscal-object (fetch failed)
2give (fetch failed)
exclusivecoin (fetch failed)
monkey-project (fetch failed)
breakout (fetch failed)
monacocoin (fetch failed)
fedoracoin (fetch failed)
blitzcash (fetch failed)
riecoin (fetch failed)
project-decorum (fetch failed)
cannabiscoin (fetch failed)
teslacoin (fetch failed)
masternodecoin (fetch failed)
trezarcoin (fetch failed)
sprouts (fetch failed)
quark (fetch failed)
bitcloud (fetch failed)
audiocoin (fetch failed)
karbo (fetch failed)
vsync-vsx (fetch failed)
dnotes (fetch failed)
social-send (fetch failed)
bitcoin-white (fetch failed)
creativecoin (fetch failed)
yocoin (fetch failed)
evergreencoin (fetch failed)
draftcoin (fetch failed)
mazacoin (fetch failed)
obsidian (fetch failed)
ergo (fetch failed)
hollywoodcoin (fetch failed)
terracoin (fetch failed)
e-gulden (fetch failed)
chaincoin (fetch failed)
sexcoin (fetch failed)
bluecoin (fetch failed)
xgox (fetch failed)
parkbyte (fetch failed)
martexcoin (fetch failed)
bitzeny (fetch failed)
rupee (fetch failed)
intensecoin (fetch failed)
ganjacoin (fetch failed)
procurrency (fetch failed)
linx (fetch failed)
regalcoin (fetch failed)
innova (fetch failed)
bitdeal (fetch failed)
condensate (fetch failed)
campuscoin (fetch failed)
unity-ingot (fetch failed)
greencoin (fetch failed)
global-cryptocurrency (fetch failed)
interstellar-holdings (fetch failed)
growers-international (fetch failed)
op-coin (fetch failed)
pure (fetch failed)
footy-cash (fetch failed)
equitrader (fetch failed)
ignition (fetch failed)
unbreakablecoin (fetch failed)
centurion (fetch failed)
force (fetch failed)
renos (fetch failed)
bytecent (fetch failed)
photon (fetch failed)
42-coin (fetch failed)
litedoge (fetch failed)
unify (fetch failed)
vivo (fetch failed)
noblecoin (fetch failed)
orbitcoin (fetch failed)
qubitcoin (fetch failed)
aurumcoin (fetch failed)
canada-ecoin (fetch failed)
zennies (fetch failed)
unitus (fetch failed)
fastcoin (fetch failed)
moin (fetch failed)
fujicoin (fetch failed)
arcticcoin (fetch failed)
leviarcoin (fetch failed)
woodcoin (fetch failed)
petrodollar (fetch failed)
incakoin (fetch failed)
insanecoin-insn (fetch failed)
worldcoin (fetch failed)
machinecoin (fetch failed)
platinumbar (fetch failed)
zetacoin (fetch failed)
netcoin (fetch failed)
abjcoin (fetch failed)
blakestar (fetch failed)
piggycoin (fetch failed)
skeincoin (fetch failed)
guncoin (fetch failed)
bitbar (fetch failed)
digitalcoin (fetch failed)
aricoin (fetch failed)
kobocoin (fetch failed)
capricoin (fetch failed)
copico (fetch failed)
maxcoin (fetch failed)
grimcoin (fetch failed)
deutsche-emark (fetch failed)
ambercoin (fetch failed)
cryptocarbon (fetch failed)
cryptoforecast (fetch failed)
bittokens (fetch failed)
megacoin (fetch failed)
8bit (fetch failed)
cryptojacks (fetch failed)
opal (fetch failed)
securecoin (fetch failed)
whalecoin (fetch failed)
digicube (fetch failed)
aerium (fetch failed)
ultracoin (fetch failed)
paycoin2 (fetch failed)
lanacoin (fetch failed)
eternity (fetch failed)
aquariuscoin (fetch failed)
rimbit (fetch failed)
glasscoin (fetch failed)
flycoin (fetch failed)
netko (fetch failed)
mojocoin (fetch failed)
blakecoin (fetch failed)
cryptonite (fetch failed)
steneum-coin (fetch failed)
motocoin (fetch failed)
tagcoin (fetch failed)
sterlingcoin (fetch failed)
bitgem (fetch failed)
swagbucks (fetch failed)
pioneer-coin (fetch failed)
gapcoin (fetch failed)
daxxcoin (fetch failed)
garlicoin (fetch failed)
litecoin-plus (fetch failed)
colossuscoin-v2 (fetch failed)
phantomx (fetch failed)
tekcoin (fetch failed)
truckcoin (fetch failed)
homeblockcoin (fetch failed)
confido (fetch failed)
tokyo (fetch failed)
coin (fetch failed)
808coin (fetch failed)
mineum (fetch failed)
droxne (fetch failed)
advanced-internet-blocks (fetch failed)
zozocoin (fetch failed)
macron (fetch failed)
desire (fetch failed)
c-bit (fetch failed)
sativacoin (fetch failed)
kayicoin (fetch failed)
chancoin (fetch failed)
postcoin (fetch failed)
globaltoken (fetch failed)
sagacoin (fetch failed)
ethereum-dark (fetch failed)
globalcoin (fetch failed)
honey (fetch failed)
briacoin (fetch failed)
marscoin (fetch failed)
qbic (fetch failed)
onix (fetch failed)
influxcoin (fetch failed)
prime-xi (fetch failed)
philosopher-stones (fetch failed)
ecocoin (fetch failed)
global-tour-coin (fetch failed)
virta-unique-coin (fetch failed)
eot (fetch failed)
roofs (fetch failed)
emerald (fetch failed)
artex-coin (fetch failed)
redcoin (fetch failed)
litebitcoin (fetch failed)
parallelcoin (fetch failed)
bipcoin (fetch failed)
cashcoin (fetch failed)
ronpaulcoin (fetch failed)
fuzzballs (fetch failed)
peepcoin (fetch failed)
allsafe (fetch failed)
cannation (fetch failed)
cthulhu-offerings (fetch failed)
remicoin (fetch failed)
x-coin (fetch failed)
neuro (fetch failed)
fincoin (fetch failed)
gpu-coin (fetch failed)
madcoin (fetch failed)
theresa-may-coin (fetch failed)
eryllium (fetch failed)
women (fetch failed)
coinonat (fetch failed)
kronecoin (fetch failed)
master-swiscoin (fetch failed)
vaperscoin (fetch failed)
slevin (fetch failed)
quazarcoin (fetch failed)
iconic (fetch failed)
anarchistsprime (fetch failed)
dreamcoin (fetch failed)
geertcoin (fetch failed)
doubloon (fetch failed)
gbcgoldcoin (fetch failed)
bitvolt (fetch failed)
dollar-online (fetch failed)
ulatech (fetch failed)
prcoin (fetch failed)
project-x (fetch failed)
concoin (fetch failed)
levoplus (fetch failed)
tristar-coin (fetch failed)
pizzacoin (fetch failed)
paccoin (fetch failed)
russian-mining-coin (fetch failed)
luckchain (fetch failed)
asiacoin (fetch failed)
bitboost (fetch failed)
version (fetch failed)
anoncoin (fetch failed)
leafcoin (fetch failed)
virtacoin (fetch failed)
kekcoin (fetch failed)
shorty (fetch failed)
biblepay (fetch failed)
i0coin (fetch failed)
fantomcoin (fetch failed)
ultimate-secure-cash (fetch failed)
scorecoin (fetch failed)
hobonickels (fetch failed)
trollcoin (fetch failed)
iticoin (fetch failed)
unicoin (fetch failed)
smartcoin (fetch failed)
datacoin (fetch failed)
elementrem (fetch failed)
fimkrypto (fetch failed)
gaia (fetch failed)
bitstar (fetch failed)
halcyon (fetch failed)
nyancoin (fetch failed)
argentum (fetch failed)
btctalkcoin (fetch failed)
blazecoin (fetch failed)
manna (fetch failed)
valorbit (fetch failed)
signatum (fetch failed)
bitcurrency (fetch failed)
wayguide (fetch failed)
tigercoin (fetch failed)
joulecoin (fetch failed)
tattoocoin (fetch failed)
amsterdamcoin (fetch failed)
icoin (fetch failed)
chesscoin (fetch failed)
bitz (fetch failed)
litebar (fetch failed)
cypher (fetch failed)
bolivarcoin (fetch failed)
freicoin (fetch failed)
dashcoin (fetch failed)
rubies (fetch failed)
revolvercoin (fetch failed)
virtualcoin (fetch failed)
sacoin (fetch failed)
virtacoinplus (fetch failed)
octocoin (fetch failed)
berncash (fetch failed)
gameunits (fetch failed)
islacoin (fetch failed)
xios (fetch failed)
pascal-lite (fetch failed)
secretcoin (fetch failed)
quatloo (fetch failed)
globalboost-y (fetch failed)
joincoin (fetch failed)
bitcoal (fetch failed)
paycon (fetch failed)
sooncoin (fetch failed)
sixeleven (fetch failed)
eurocoin (fetch failed)
darsek (fetch failed)
icobid (fetch failed)
enigma-coin (fetch failed)
firecoin (fetch failed)
evotion (fetch failed)
veltor (fetch failed)
polcoin (fetch failed)
votecoin (fetch failed)
cachecoin (fetch failed)
acoin (fetch failed)
yacoin (fetch failed)
money (fetch failed)
bumbacoin (fetch failed)
boostcoin (fetch failed)
franko (fetch failed)
beatcoin (fetch failed)
bitcoin-planet (fetch failed)
elacoin (fetch failed)
yenten (fetch failed)
crypto (fetch failed)
guccionecoin (fetch failed)
warp (fetch failed)
blackstar (fetch failed)
antibitcoin (fetch failed)
comet (fetch failed)
ripto-bux (fetch failed)
creatio (fetch failed)
bnrtxcoin (fetch failed)
marijuanacoin (fetch failed)
debitcoin (fetch failed)
bitcedi (fetch failed)
gold-pressed-latinum (fetch failed)
starcash-network (fetch failed)
billarycoin (fetch failed)
bitquark (fetch failed)
songcoin (fetch failed)
metal-music-coin (fetch failed)
bowscoin (fetch failed)
vector (fetch failed)
litecred (fetch failed)
solarflarecoin (fetch failed)
idice (fetch failed)
posex (fetch failed)
kingn-coin (fetch failed)
ponzicoin (fetch failed)
cryptoescudo (fetch failed)
sojourn (fetch failed)
zayedcoin (fetch failed)
cabbage (fetch failed)
wild-beast-block (fetch failed)
uro (fetch failed)
vip-tokens (fetch failed)
jobscoin (fetch failed)
printerium (fetch failed)
tagrcoin (fetch failed)
unrealcoin (fetch failed)
zetamicron (fetch failed)
ego (fetch failed)
pulse (fetch failed)
coexistcoin (fetch failed)
destiny (fetch failed)
torcoin-tor (fetch failed)
steps (fetch failed)
playercoin (fetch failed)
genstake (fetch failed)
cryptoworldx-token (fetch failed)
impulsecoin (fetch failed)
rsgpcoin (fetch failed)
zonecoin (fetch failed)
piecoin (fetch failed)
ride-my-car (fetch failed)
letitride (fetch failed)
osmiumcoin (fetch failed)
sydpak (fetch failed)
ibank (fetch failed)
credence-coin (fetch failed)
agrolifecoin (fetch failed)
argus (fetch failed)
crevacoin (fetch failed)
elysium (fetch failed)
p7coin (fetch failed)
magnum (fetch failed)
tychocoin (fetch failed)
nodecoin (fetch failed)
caliphcoin (fetch failed)
ccminer (fetch failed)
abncoin (fetch failed)
ebittree-coin (fetch failed)
huobi-token (fetch failed)
digital-credits (fetch failed)
bitcoin-diamond (fetch failed)
atmcoin (fetch failed)
oceanchain (fetch failed)
chatcoin (fetch failed)
linkeye (fetch failed)
waykichain (fetch failed)
lightning-bitcoin (fetch failed)
w3coin (fetch failed)
ofcoin (fetch failed)
mktcoin (fetch failed)
united-bitcoin (fetch failed)
selfsell (fetch failed)
fusion (fetch failed)
matrix-ai-network (fetch failed)
mergecoin (fetch failed)
super-bitcoin (fetch failed)
tezos (fetch failed)
infchain (fetch failed)
litecoin-cash (fetch failed)
blazercoin (fetch failed)
jingtum-tech (fetch failed)
bitsoar (fetch failed)
aidos-kuneen (fetch failed)
numus (fetch failed)
ea-coin (fetch failed)
stronghands (fetch failed)
strikebitclub (fetch failed)
segwit2x (fetch failed)
vpncoin (fetch failed)
infinitecoin (fetch failed)
landcoin (fetch failed)
pabyosi-coin-special (fetch failed)
swisscoin (fetch failed)
acchain (fetch failed)
msd (fetch failed)
golos-gold (fetch failed)
b3coin (fetch failed)
entcash (fetch failed)
win-coin (fetch failed)
lepen (fetch failed)
casinocoin (fetch failed)
galactrum (fetch failed)
crave (fetch failed)
edrcoin (fetch failed)
sparks (fetch failed)
superior-coin (fetch failed)
wa-space (fetch failed)
grandcoin (fetch failed)
avatarcoin (fetch failed)
international-diamond (fetch failed)
sjwcoin (fetch failed)
bitcoin-atom (fetch failed)
harvest-masternode-coin (fetch failed)
terranova (fetch failed)
bt2-cst (fetch failed)
flappycoin (fetch failed)
royalties (fetch failed)
cyder (fetch failed)
techshares (fetch failed)
hyper (fetch failed)
donationcoin (fetch failed)
fazzcoin (fetch failed)
cubits (fetch failed)
jiyo-old (fetch failed)
sakuracoin (fetch failed)
deuscoin (fetch failed)
tellurion (fetch failed)
golfcoin (fetch failed)
t-coin (fetch failed)
compcoin (fetch failed)
bastonet (fetch failed)
klondikecoin (fetch failed)
francs (fetch failed)
batcoin (fetch failed)
slothcoin (fetch failed)
sharkcoin (fetch failed)
x2 (fetch failed)
safe-trade-coin (fetch failed)
digital-bullion-gold (fetch failed)
ur (fetch failed)
irishcoin (fetch failed)
dashs (fetch failed)
marxcoin (fetch failed)
avoncoin (fetch failed)
numuscash (fetch failed)
ugain (fetch failed)
fonziecoin (fetch failed)
levocoin (fetch failed)
india-coin (fetch failed)
coffeecoin (fetch failed)
pokecoin (fetch failed)
xtd-coin (fetch failed)
pinkdog (fetch failed)
quotient (fetch failed)
royalcoin (fetch failed)
uncoin (fetch failed)
gaycoin (fetch failed)
shellcoin (fetch failed)
bitok (fetch failed)
turbocoin (fetch failed)
teamup (fetch failed)
dutch-coin (fetch failed)
htmlcoin (fetch failed)
fireflycoin (fetch failed)
safecoin (fetch failed)
zsecoin (fetch failed)
huncoin (fetch failed)
akuya-coin (fetch failed)
regacoin (fetch failed)
rublebit (fetch failed)
aces (fetch failed)
bitbase (fetch failed)
high-gain (fetch failed)
futcoin (fetch failed)
topcoin (fetch failed)
moneycoin (fetch failed)
todaycoin (fetch failed)
richcoin (fetch failed)
prismchain (fetch failed)
opescoin (fetch failed)
granitecoin (fetch failed)
runners (fetch failed)
trickycoin (fetch failed)
birds (fetch failed)
omicron (fetch failed)
primulon (fetch failed)
dubstep (fetch failed)
axiom (fetch failed)
happy-creator-coin (fetch failed)
deltacredits (fetch failed)
bitfid (fetch failed)
sportscoin (fetch failed)
betacoin (fetch failed)
invisiblecoin (fetch failed)
moneta2 (fetch failed)
frankywillcoin (fetch failed)
kashhcoin (fetch failed)
cybercoin (fetch failed)
gameleaguecoin (fetch failed)
eggcoin (fetch failed)
bubble (fetch failed)
darklisk (fetch failed)
lazaruscoin (fetch failed)
cycling-coin (fetch failed)
lathaan (fetch failed)
thecreed (fetch failed)
yescoin (fetch failed)
topaz (fetch failed)
cheapcoin (fetch failed)
aseancoin (fetch failed)
lltoken (fetch failed)
magnetcoin (fetch failed)
egold (fetch failed)
ocow (fetch failed)
farstcoin (fetch failed)
ontology (fetch failed)
spherepay (fetch failed)
bitcoin-private (fetch failed)
ravencoin (fetch failed)
graft (fetch failed)
centrality (fetch failed)
revolutionvr (fetch failed)
mediccoin (fetch failed)
pundi-x-old (fetch failed)
bitcoin-green (fetch failed)
wanchain (fetch failed)
stipend (fetch failed)
clearcoin (fetch failed)
4xbit (fetch failed)
ans-coin (fetch failed)
betherchip (fetch failed)
cononchain (fetch failed)
recovery-right-token (fetch failed)
bitvalve (fetch failed)
promotion-coin (fetch failed)
qcash (fetch failed)
valuecybertoken (fetch failed)
goal (fetch failed)
ti-value (fetch failed)
bitcoin-file (fetch failed)
pay-it-now (fetch failed)
big-digital-shares (fetch failed)
view (fetch failed)
bmtoken (fetch failed)
billionhappiness (fetch failed)
ac3 (fetch failed)
aga (fetch failed)
elements-game (fetch failed)
atheios (fetch failed)
blockclout (fetch failed)
team-vitality-fan-token (fetch failed)
hurrian-network (fetch failed)
darkbuild (fetch failed)
eternal-cash (fetch failed)
flinch-token (fetch failed)
gainer (fetch failed)
kingfund-finance (fetch failed)
lit (fetch failed)
lynx (fetch failed)
pepemoon (fetch failed)
trinity (fetch failed)
wispr (fetch failed)
bsocial (fetch failed)
monero-original (fetch failed)
nam-coin (fetch failed)
aio_bitfinex (fetch failed)
stellite (fetch failed)
monero-classic (fetch failed)
ckusd (fetch failed)
deviantcoin (fetch failed)
digital-asset-exchange-token (fetch failed)
xdc-network (fetch failed)
arbitracoin (fetch failed)
bitsum (fetch failed)
starcointv (fetch failed)
dero (fetch failed)
haven-protocol (fetch failed)
cropcoin (fetch failed)
masari (fetch failed)
music-infinity-token (fetch failed)
wiki-token (fetch failed)
proud-money (fetch failed)
nullex (fetch failed)
vipstar-coin (fetch failed)
plancoin (fetch failed)
local-world-forwarders (fetch failed)
fire-lotto (fetch failed)
nexty (fetch failed)
apr-coin (fetch failed)
aston (fetch failed)
utrum (fetch failed)
consumption-avatar-matrix (fetch failed)
bank-coin (fetch failed)
ether-zero (fetch failed)
ab-chain-rtb (fetch failed)
bit-tube (fetch failed)
loki (fetch failed)
vechainthor (fetch failed)
experience-token (fetch failed)
callisto-network (fetch failed)
iotex (fetch failed)
bitcoiin (fetch failed)
cazcoin (fetch failed)
rhenium (fetch failed)
gincoin (fetch failed)
powercoin (fetch failed)
cny-tether (fetch failed)
contractnet (fetch failed)
apiary-fund-coin (fetch failed)
quanta-utility-token (fetch failed)
roxe-cash (fetch failed)
bitcoin-token (fetch failed)
rocketcoin (fetch failed)
krosscoin (fetch failed)
order-of-the-black-rose (fetch failed)
pryz (fetch failed)
potentiam (fetch failed)
ser-token (fetch failed)
concierge-coin (fetch failed)
pocketnode (fetch failed)
shield-finance (fetch failed)
wys-token (fetch failed)
eno (fetch failed)
xtrd (fetch failed)
safememe (fetch failed)
populous-xbrl-token (fetch failed)
aunfin-protocol (fetch failed)
xscoin (fetch failed)
albos (fetch failed)
football-battle (fetch failed)
iconiq-lab-token (fetch failed)
exrt-network (fetch failed)
orbis-token (fetch failed)
experience-chain (fetch failed)
openbisea (fetch failed)
teecoin (fetch failed)
xdb (fetch failed)
xproject (fetch failed)
black-diamond-rating (fetch failed)
doxed (fetch failed)
the-veteran (fetch failed)
batorrent (fetch failed)
petrachor (fetch failed)
treasure-seeds (fetch failed)
ea-token (fetch failed)
nuketoken (fetch failed)
chip-shambala (fetch failed)
captain (fetch failed)
ros-coin (fetch failed)
sologenic (fetch failed)
mystic-warrior (fetch failed)
parainu-v2 (fetch failed)
unipower (fetch failed)
2gather (fetch failed)
livetrade-token (fetch failed)
passive-income (fetch failed)
coinary-token (fetch failed)
honey-token-sweet (fetch failed)
banano (fetch failed)
bnb-superheroes (fetch failed)
baby-soulja-boy (fetch failed)
npcoin (fetch failed)
hawkdex (fetch failed)
enedex (fetch failed)
flavorsbsc (fetch failed)
ecchicoin (fetch failed)
coxswap (fetch failed)
allcoin (fetch failed)
yayswap (fetch failed)
extstock-token (fetch failed)
conceal (fetch failed)
wine-shares (fetch failed)
coral-dex (fetch failed)
